0:100  0:100  MemLog inited, TSC freq: 2494225556
0:100  0:000  CPU was calibrated with ACPI PM Timer
0:100  0:000  
0:100  0:000  Now is 3.3.2020,  13:21:11 (GMT)
0:100  0:000  Starting Clover revision: 5027 on INSYDE Corp. EFI
0:100  0:000  Build with: [Args: -mc --no-usb -D NO_GRUB_DRIVERS_EMBEDDED -t XCODE8 | -D DISABLE_USB_SUPPORT -D NO_GRUB_DRIVERS_EMBEDDED --conf=/Users/len/src/edk2/Conf -D USE_BIOS_BLOCKIO -D USE_LOW_EBDA -a X64 -b RELEASE -t XCODE8 -n 7 | OS: 10.15 | XCODE: 11.0]
0:100  0:000  SelfDevicePath=PciRoot(0x0)\Pci(0x1F,0x2)\Sata(0x5,0x0,0x0)\HD(1,GPT,608489C5-7C47-4A8A-8059-0D1F5BDA34EF,0x28,0x64000) @8200D318
0:100  0:000  SelfDirPath = \EFI\BOOT
0:100  0:000  === [ Get Smbios ] ========================================
0:100  0:000  Type 16 Index = 0
0:100  0:000  Total Memory Slots Count = 2
0:100  0:000  Type 17 Index = 0
0:100  0:000  Table has error information, checking
0:100  0:000  Found memory information in table 18/0, type=0x3, operation=0x2 syndrome=0x0
0:100  0:000  ...memory OK
0:100  0:000  SmbiosTable.Type17->Speed = 1600MHz
0:100  0:000  SmbiosTable.Type17->Size = 8192MB
0:100  0:000  SmbiosTable.Type17->Bank/Device = BANK 0 DIMM0
0:100  0:000  SmbiosTable.Type17->Vendor = Samsung
0:100  0:000  SmbiosTable.Type17->SerialNumber = 32DB30BC
0:100  0:000  SmbiosTable.Type17->PartNumber = M471B1G73EB0-YK0  
0:100  0:000  Type 17 Index = 1
0:100  0:000  Table has error information, checking
0:100  0:000  Found memory information in table 18/1, type=0x3, operation=0x2 syndrome=0x0
0:100  0:000  ...memory OK
0:100  0:000  SmbiosTable.Type17->Speed = 1600MHz
0:100  0:000  SmbiosTable.Type17->Size = 4096MB
0:100  0:000  SmbiosTable.Type17->Bank/Device = BANK 2 DIMM2
0:100  0:000  SmbiosTable.Type17->Vendor = Kingston
0:100  0:000  SmbiosTable.Type17->SerialNumber = 61297115
0:100  0:000  SmbiosTable.Type17->PartNumber = 99U5469-037.A00LF 
0:100  0:000  Boot status=0
0:100  0:000  Running on: 'QJW4' with board 'Type2 - Board Product Name1'
0:100  0:000  === [ GetCPUProperties ] ==================================
0:100  0:000  CPU Vendor = 756E6547 Model=306C3
0:100  0:000   The CPU supported SSE4.1
0:100  0:000  BrandString = Intel(R) Core(TM) i7-4710MQ CPU @ 2.50GHz
0:100  0:000   The CPU supported turbo
0:100  0:000  MSR 0x35               40008
0:100  0:000  MSR 0xE2 before patch 1E008403
0:100  0:000  MSR 0xE2 is locked, PM patches will be turned on
0:100  0:000  MSR 0xCE              00080838_F3011900
0:100  0:000  corrected FLEX_RATIO = 40000
0:100  0:000  MSR 0x1B0             00000000
0:100  0:000  FSBFrequency = 100 MHz, DMI FSBFrequency = 100 MHz, Corrected FSBFrequency = 100 MHz
0:100  0:000  MaxDiv/MinDiv: 25.0/8
0:100  0:000  Turbo: 33/33/34/35
0:100  0:000  Features: 0xBFEBFBFF
0:100  0:000  Threads: 8
0:100  0:000  Cores: 4
0:100  0:000  FSB: 100 MHz
0:100  0:000  CPU: 2500 MHz
0:100  0:000  TSC: 2500 MHz
0:100  0:000  PIS: 100 MHz
0:100  0:000  ExternalClock: 25 MHz
0:100  0:000  === [ GetDevices ] ========================================
0:100  0:000  PCI (00|00:00.00) : 8086 0C04 class=060000
0:100  0:000  PCI (00|00:01.00) : 8086 0C01 class=060400
0:100  0:000  PCI (00|01:00.00) : 10DE 139A class=030200
0:100  0:000  PCI (00|00:02.00) : 8086 0416 class=030000
0:100  0:000   - GFX: Model=Intel HD Graphics 4600 (Intel)
0:100  0:000  PCI (00|00:03.00) : 8086 0C0C class=040300
0:100  0:000  PCI (00|00:14.00) : 8086 8C31 class=0C0330
0:100  0:000  PCI (00|00:16.00) : 8086 8C3A class=078000
0:100  0:000  PCI (00|00:1A.00) : 8086 8C2D class=0C0320
0:100  0:000  PCI (00|00:1B.00) : 8086 8C20 class=040300
0:100  0:000  PCI (00|00:1C.00) : 8086 8C10 class=060400
0:100  0:000  PCI (00|00:1C.01) : 8086 8C12 class=060400
0:100  0:000  PCI (00|08:00.00) : 10EC 8168 class=020000
0:100  0:000   - LAN: 0 Vendor=Realtek
0:100  0:000  PCI (00|00:1C.02) : 8086 8C14 class=060400
0:100  0:000  PCI (00|09:00.00) : 10EC 5227 class=FF0000
0:100  0:000  PCI (00|00:1C.03) : 8086 8C16 class=060400
0:100  0:000  PCI (00|0F:00.00) : 14E4 43A0 class=028000
0:100  0:000   - WIFI: Vendor=Broadcom
0:100  0:000  PCI (00|00:1D.00) : 8086 8C26 class=0C0320
0:100  0:000  PCI (00|00:1F.00) : 8086 8C4B class=060100
0:100  0:000  PCI (00|00:1F.02) : 8086 8C03 class=010601
0:100  0:000  PCI (00|00:1F.03) : 8086 8C22 class=0C0500
0:100  0:000  PCI (00|00:1F.06) : 8086 8C24 class=118000
0:100  0:000  === [ GetDefaultSettings ] ================================
0:100  0:000  Clover load options size = 0 bytes
0:102  0:001  EFI\CLOVER\config.plist loaded: Success
0:102  0:000  === [ GetListOfThemes ] ===================================
0:103  0:000  - [00]: Mojave
0:103  0:000  - [01]: Minimalism
0:104  0:000  === [ Found config plists ] ===============================
0:104  0:000  - config.plist
0:104  0:000  === [ GetEarlyUserSettings ] ==============================
0:104  0:000  timeout set to 5
0:104  0:000  Custom boot CUSTOM_BOOT_DISABLED (0x0)
0:104  0:000  KextsToPatch: 4 requested
0:104  0:000   - [00]: AppleAHCIPort (External icons patch) :: BinPatch :: data len: 8
0:104  0:000   - [01]: com.apple.iokit.IOAHCIBlockStorage (Enable TRIM for SSD) :: BinPatch :: data len: 11
0:104  0:000   - [02]: com.apple.driver.usb.AppleUSBXHCI (change 15 port limit to 26 in XHCI kext for 10.14.1 by Ricky) :: BinPatch :: data len: 9
0:104  0:000   - [03]: AppleIntelFramebufferAzul (Change VRAM from 1536MB to 2048MB for HD4600) :: BinPatch :: data len: 20
0:104  0:000  Default theme: Mojave
0:104  0:000  Hiding entries with string Preboot
0:104  0:000   Custom EDID is ok
0:104  0:000  === [ LoadDrivers ] =======================================
0:104  0:000  Loading FSInject.efi  status=Success
0:105  0:000  Loading VBoxHfs-64.efi  status=Success
0:106  0:000   - driver needs connecting
0:106  0:000  Loading ApfsDriverLoader.efi  status=Success
0:106  0:000   - driver needs connecting
0:106  0:000  Loading AptioMemoryFix.efi  status=Success
0:208  0:101  2 drivers needs connecting ...
0:208  0:000  PlatformDriverOverrideProtocol not found. Installing ... Success
0:208  0:000  APFS driver loaded
0:208  0:000  Searching for invalid DiskIo BY_DRIVER connects: not found, all ok
0:430  0:222  === [ InitScreen ] ========================================
0:430  0:000  Console modes reported: 6, available modes:
0:430  0:000   - [01]: 80x25
0:430  0:000   - [02]: 80x50
0:430  0:000   - [03]: 240x56 (current mode)
0:430  0:000   - [04]: 100x31
0:430  0:000   - [05]: 128x40
0:430  0:000   - [06]: 160x53
0:430  0:000  SetMaxResolution: found best mode 0: 1920x1080
0:430  0:000   - already set
0:430  0:000  reinit: self device path=PciRoot(0x0)\Pci(0x1F,0x2)\Sata(0x5,0x0,0x0)\HD(1,GPT,608489C5-7C47-4A8A-8059-0D1F5BDA34EF,0x28,0x64000)
0:430  0:000  === [ GetMacAddress ] =====================================
0:431  0:000  === [ ScanSPD ] ===========================================
0:431  0:000  Scanning SMBus [8086:8C22], mmio: 0xD3919004, ioport: 0x6040, hostc: 0x11
0:449  0:018  Slot: 0 Type 24 8192MB 1600MHz Vendor=Samsung PartNo=M471B1G73EB0-YK0 SerialNo=03020D0B03000B0C
0:468  0:018  Slot: 2 Type 24 4096MB 1600MHz Vendor=Kingston PartNo=99U5469-037.A00LF SerialNo=0601020907010105
0:469  0:000  === [ GetAcpiTablesList ] =================================
0:469  0:000  Get Acpi Tables List from RSDT:
0:469  0:000   - [00]: FACP  PARADISE len=268
0:469  0:000   - [01]: UEFI  PARADISE len=566
0:469  0:000   - [02]: FPDT  PARADISE len=68
0:469  0:000   - [03]: ASF!  PARADISE len=165
0:469  0:000   - [04]: HPET  PARADISE len=56
0:469  0:000   - [05]: APIC  PARADISE len=140
0:469  0:000   - [06]: MCFG  PARADISE len=60
0:469  0:000   - [07]: SLIC  PARADISE len=374
0:469  0:000   - [08]: SSDT  PARADISE len=2014
0:469  0:000   - [09]: BOOT  PARADISE len=40
0:469  0:000   - [10]: LPIT  PARADISE len=148
0:469  0:000   - [11]: ASPT  PARADISE len=52
0:469  0:000   - [12]: DBGP  PARADISE len=52
0:469  0:000   - [13]: SSDT  PARADISE len=1337
0:469  0:000   - [14]: SSDT  PARADISE len=2776
0:469  0:000   - [15]: SSDT  PARADISE len=14997
0:469  0:000   - [16]: SSDT  PARADISE len=17332
0:469  0:000   - [17]: BGRT  PARADISE len=56
0:469  0:000  Calibrated TSC Frequency = 2494225556 = 2494MHz
0:469  0:000  === [ GetUserSettings ] ===================================
0:469  0:000   Custom EDID is ok
0:469  0:000  Can't install EdidOverride on ImageHandle
0:469  0:000  Add 1 devices:
0:469  0:000  USB FixOwnership: yes
0:469  0:000  Dropping 2 tables:
0:469  0:000   - [00]: Drop table  signature="DMAR" (52414D44)
0:469  0:000           - set table: 52414D44,                0 to drop: no
0:469  0:000   - [01]: Drop table  signature="MATS" (5354414D)
0:469  0:000           - set table: 5354414D,                0 to drop: no
0:469  0:000   - final DSDT Fix mask=010C0155
0:469  0:000  PatchesDSDT: 7 requested
0:469  0:000   - [00]: (change SAT0 to SATA) lenToFind: 4, lenToReplace: 4, Target Bridge: <null string>
0:469  0:000   - [01]: (change GFX0 to IGPU) lenToFind: 4, lenToReplace: 4, Target Bridge: <null string>
0:469  0:000   - [02]: (change EHC1 to EH01) lenToFind: 4, lenToReplace: 4, Target Bridge: <null string>
0:469  0:000   - [03]: (change EHC2 to EH02) lenToFind: 4, lenToReplace: 4, Target Bridge: <null string>
0:469  0:000   - [04]: (change HECI to IMEI) lenToFind: 4, lenToReplace: 4, Target Bridge: <null string>
0:469  0:000   - [05]: (change _OSI to XOSI) lenToFind: 4, lenToReplace: 4, Target Bridge: <null string>
0:469  0:000   - [06]: (rename method _Q60) lenToFind: 4, lenToReplace: 4, Target Bridge: <null string>
0:469  0:000  Using ProductName from config: MacBookPro11,1
0:469  0:000  Using latest BiosVersion from config
0:469  0:000  BiosVersion: MBP111.88Z.F000.B00.1912181759
0:469  0:000  BiosReleaseDate: 12/18/2019
0:469  0:000  Using latest EfiVersion from config: 158.0.0.0.0
0:469  0:000  Using FirmwareFeatures from config: 0xE80FE137
0:469  0:000  Using FirmwareFeaturesMask from config: 0xFF1FFF3F
0:469  0:000  Board-ID set from config as Mac-189A3D4F975D5FFC
0:469  0:000  BoardType: 0xA
0:469  0:000  ChassisType: 0xA
0:469  0:000  Converted CustomUUID F548251E-C224-4267-8E07-FB40C6F40D16
0:469  0:000  === [ Found DSDT tables ] =================================
0:469  0:000  - DSDT.aml
0:590  0:120  === [ ScanVolumes ] =======================================
0:590  0:000  Found 15 volumes with blockIO
0:590  0:000  - [00]: Volume: PciRoot(0x0)\Pci(0x1F,0x2)\Sata(0x4,0x0,0x0)
0:590  0:000  - [01]: Volume: PciRoot(0x0)\Pci(0x1F,0x2)\Sata(0x5,0x0,0x0)
0:590  0:000  - [02]: Volume: PciRoot(0x0)\Pci(0x1F,0x2)\Sata(0x4,0x0,0x0)\HD(1,GPT,ADF3F46B-262B-4804-8B89-AF3AB4ED97CD,0x800,0xF9800)
0:591  0:000          Result of bootcode detection: bootable Windows (vista,win)
0:591  0:000  - [03]: Volume: PciRoot(0x0)\Pci(0x1F,0x2)\Sata(0x4,0x0,0x0)\HD(2,GPT,D7283F64-F948-4909-850B-B543DBFF577A,0xFA000,0x32000)
0:591  0:000          Result of bootcode detection: bootable Windows (vista,win)
0:591  0:000  - [04]: Volume: PciRoot(0x0)\Pci(0x1F,0x2)\Sata(0x4,0x0,0x0)\HD(3,GPT,2F138F66-66D5-4CC3-9047-2885B904325B,0x12C000,0x8000)
0:591  0:000  - [05]: Volume: PciRoot(0x0)\Pci(0x1F,0x2)\Sata(0x4,0x0,0x0)\HD(4,GPT,DDA86535-334E-4C33-8A5D-2F1E82F5E85A,0x134000,0xCACD000)
0:591  0:000          Result of bootcode detection: bootable Windows (vista,win)
0:592  0:000  - [06]: Volume: PciRoot(0x0)\Pci(0x1F,0x2)\Sata(0x4,0x0,0x0)\HD(5,GPT,159C0537-0C59-41F0-A557-B15112FADD4B,0xCC01000,0xC87B000)
0:592  0:000          Result of bootcode detection: bootable Windows (vista,win)
0:592  0:000  - [07]: Volume: PciRoot(0x0)\Pci(0x1F,0x2)\Sata(0x4,0x0,0x0)\HD(6,GPT,FD0D96E1-42E5-41A1-A5A3-76DC07438DCD,0x1947C000,0x19000000)
0:592  0:000          Result of bootcode detection: bootable Windows (vista,win)
0:592  0:000  - [08]: Volume: PciRoot(0x0)\Pci(0x1F,0x2)\Sata(0x4,0x0,0x0)\HD(7,GPT,7A7FD10B-221A-4B1E-86D7-A9EF3E9DB768,0x3247C000,0x4228A000)
0:633  0:041          Result of bootcode detection: bootable Windows (vista,win)
0:634  0:000  - [09]: Volume: PciRoot(0x0)\Pci(0x1F,0x2)\Sata(0x5,0x0,0x0)\HD(1,GPT,608489C5-7C47-4A8A-8059-0D1F5BDA34EF,0x28,0x64000)
0:634  0:000          Result of bootcode detection: bootable unknown (legacy)
0:634  0:000          This is SelfVolume !!
0:634  0:000  - [10]: Volume: PciRoot(0x0)\Pci(0x1F,0x2)\Sata(0x5,0x0,0x0)\HD(2,GPT,58A8CBC0-3126-4D16-9AC6-B1EF1C1D3E0F,0x64028,0xEE16DC8)
0:634  0:000          Result of bootcode detection: bootable unknown (legacy)
0:634  0:000  - [11]: Volume: PciRoot(0x0)\Pci(0x1F,0x2)\Sata(0x5,0x0,0x0)\HD(2,GPT,58A8CBC0-3126-4D16-9AC6-B1EF1C1D3E0F,0x64028,0xEE16DC8)\VenMedia(BE74FCF7-0B7C-49F3-9147-01F4042E6842,CB38F4CDC9B53C478CA0D04550A53DA1)
0:634  0:000          hiding this volume
0:634  0:000  - [12]: Volume: PciRoot(0x0)\Pci(0x1F,0x2)\Sata(0x5,0x0,0x0)\HD(2,GPT,58A8CBC0-3126-4D16-9AC6-B1EF1C1D3E0F,0x64028,0xEE16DC8)\VenMedia(BE74FCF7-0B7C-49F3-9147-01F4042E6842,E078905C080CB43B933C06AFB6CF1C4C)
0:634  0:000  - [13]: Volume: PciRoot(0x0)\Pci(0x1F,0x2)\Sata(0x5,0x0,0x0)\HD(2,GPT,58A8CBC0-3126-4D16-9AC6-B1EF1C1D3E0F,0x64028,0xEE16DC8)\VenMedia(BE74FCF7-0B7C-49F3-9147-01F4042E6842,9A2B8486F8409241AE226BCE8C0A9D1C)
0:634  0:000  - [14]: Volume: PciRoot(0x0)\Pci(0x1F,0x2)\Sata(0x5,0x0,0x0)\HD(2,GPT,58A8CBC0-3126-4D16-9AC6-B1EF1C1D3E0F,0x64028,0xEE16DC8)\VenMedia(BE74FCF7-0B7C-49F3-9147-01F4042E6842,EEF15AC55BD59043B8623F46C58C84D6)
0:635  0:000  No AudioIoProtocols, status=Not Found
0:635  0:000  === [ InitTheme ] =========================================
0:635  0:000  use daylight theme
0:635  0:000  Using theme 'Mojave' (EFI\CLOVER\themes\Mojave)
0:635  0:000  OS main and drive as badge
0:635  0:000  file sound read: sound.wav Not Found
0:638  0:002  Loading font from ThemeDir: Success
0:638  0:000  theme inited
0:638  0:000  Chosen theme Mojave
0:638  0:000  found boot-args in NVRAM:, size=1
0:638  0:000  after NVRAM boot-args=dart=0 nv_disable=1 debug=0x100 -v
0:638  0:000  === [ Dump SMC keys from NVRAM ] ==========================
0:638  0:000  no AppleSMC protocol
0:641  0:002  === [ ScanLoader ] ========================================
0:641  0:000  - [03]: 'EFI'
0:690  0:048          AddLoaderEntry for Volume Name=EFI
0:692  0:001          AddLoaderEntry for Volume Name=EFI
0:692  0:000          skipped because entry is hidden
0:692  0:000  - [09]: 'EFI'
0:692  0:000          AddLoaderEntry for Volume Name=EFI
0:692  0:000          skipped because entry is hidden
0:692  0:000  - [11]: 'Preboot', hidden
0:692  0:000  - [12]: 'Macintosh HD'
0:697  0:005          AddLoaderEntry for Volume Name=Macintosh HD
0:698  0:001      hibernated: set as never
0:699  0:000          [!] Icon 18 (icons\vol_internal_apfs.icns) not found (path: EFI\CLOVER\themes\Mojave)
0:699  0:000  - [13]: 'Recovery'
0:700  0:000          AddLoaderEntry for Volume Name=Recovery
0:701  0:001  - [14]: 'VM'
0:701  0:000  === [ AddCustomTool ] =====================================
0:702  0:001  === [ GetEfiBootDeviceFromNvram ] =========================
0:702  0:000   - efi-boot-device-data: PciRoot(0x0)\Pci(0x1F,0x2)\Sata(0x5,0x0,0x0)\HD(2,GPT,58A8CBC0-3126-4D16-9AC6-B1EF1C1D3E0F,0x64028,0xEE16DC8)
0:702  0:000    - Volume: 'PciRoot(0x0)\Pci(0x1F,0x2)\Sata(0x5,0x0,0x0)\HD(2,GPT,58A8CBC0-3126-4D16-9AC6-B1EF1C1D3E0F,0x64028,0xEE16DC8)'
0:702  0:000    - LoaderPath: '<null string>'
0:702  0:000    - Guid = 58A8CBC0-3126-4D16-9AC6-B1EF1C1D3E0F
0:702  0:000  === [ FindStartupDiskVolume ] =============================
0:702  0:000    - Volume: partition = PciRoot(0x0)\Pci(0x1F,0x2)\Sata(0x5,0x0,0x0)\HD(2,GPT,58A8CBC0-3126-4D16-9AC6-B1EF1C1D3E0F,0x64028,0xEE16DC8)
0:702  0:000     - searching for that partition
0:702  0:000      - [!] not found
0:702  0:000     - searching again, but comparing Media dev path nodes
0:702  0:000      - found entry 1. 'Boot macOS from Macintosh HD', Volume 'Macintosh HD'
0:702  0:000  Boot redirected to Entry 1. 'Boot macOS from Macintosh HD'
0:702  0:000  DefaultIndex=1 and MainMenu.EntryCount=7
0:780  0:077  can't bear mouse at all! Status=Unsupported
0:782  0:001  can't bear mouse at timeout! Status=Unsupported
0:782  0:000  GUI ready
1:107  0:324  can't bear mouse at timeout! Status=Unsupported
2:059  0:952  exit from MainMenu 1
2:059  0:000  ParseBootOption: invalid input params
2:059  0:000  BootVariable of the entry is empty
2:059  0:000  === [ StartLoader ] =======================================
2:059  0:000  Finally: ExternalClock=25MHz BusSpeed=99770kHz CPUFreq=2494MHz PIS: hw.busfrequency=100000000Hz
2:059  0:000  Loading boot.efi  status=Success
2:161  0:102  GetOSVersion: 10.14.6 (18G87)
2:161  0:000  CSR_CFG: CSR_ALLOW_UNTRUSTED_KEXTS | CSR_ALLOW_UNRESTRICTED_FS | CSR_ALLOW_TASK_FOR_PID | CSR_ALLOW_UNRESTRICTED_DTRACE | CSR_ALLOW_UNRESTRICTED_NVRAM
2:161  0:000  Filtering KextPatches:
2:161  0:000   - [00]: AppleAHCIPort (External icons patch) :: BinPatch :: [OS: 10.14.6 | MatchOS: All | MatchBuild: All] ==> allowed
2:161  0:000   - [01]: com.apple.iokit.IOAHCIBlockStorage (Enable TRIM for SSD) :: BinPatch :: [OS: 10.14.6 | MatchOS: All | MatchBuild: All] ==> allowed
2:161  0:000   - [02]: com.apple.driver.usb.AppleUSBXHCI (change 15 port limit to 26 in XHCI kext for 10.14.1 by Ricky) :: BinPatch :: [OS: 10.14.6 | MatchOS: All | MatchBuild: All] ==> allowed
2:161  0:000   - [03]: AppleIntelFramebufferAzul (Change VRAM from 1536MB to 2048MB for HD4600) :: BinPatch :: [OS: 10.14.6 | MatchOS: All | MatchBuild: All] ==> allowed
2:161  0:000  Will not patch boot.efi
2:161  0:000  === [ PatchSmbios ] =======================================
2:161  0:000  insert table 9 for dev 0:0
2:161  0:000  insert table 9 for dev 0:0
2:161  0:000  Table 11 present, but rewritten for us
2:162  0:000  Trusting SMBIOS...
2:162  0:000  Detected alternating SMBIOS channel banks
2:162  0:000  Channels: 2
2:162  0:000  Interleave: 0 2 1 3 4 6 5 7 8 10 9 11 12 14 13 15 16 18 17 19 20 22 21 23
2:162  0:000   partNum=M471B1G73EB0-YK0  
2:162  0:000  SMBIOS Type 17 Index = 0 => 0 0:
2:162  0:000  BANK 0 DIMM0 1600MHz 8192MB
2:162  0:000   partNum=99U5469-037.A00LF 
2:162  0:000  SMBIOS Type 17 Index = 1 => 1 2:
2:162  0:000  BANK 1 DIMM0 1600MHz 4096MB
2:162  0:000  mTotalSystemMemory = 12288
2:162  0:000  NumberOfMemoryDevices = 2
2:162  0:000  Type20[0]->End = 0x7FFFFF, Type17[0] = 0x2000
2:162  0:000  Type20[1]->End = 0x3FFFFF, Type17[1] = 0x5000
2:162  0:000  === [ PatchACPI ] =========================================
2:162  0:000  Xsdt reallocation done
2:162  0:000  old FADT length=10C
2:162  0:000   SignatureFixup: 0x114578 -> 0x0
2:162  0:000  DSDT found in Clover volume OEM folder: EFI\CLOVER\ACPI\patched\DSDT.aml
2:163  0:001  Apply DsdtFixMask=0x010C0155
2:163  0:000     drop _DSM mask=0x0000
2:163  0:000  === [ FixBiosDsdt ] =======================================
2:163  0:000  Patching DSDT:
2:163  0:000   - [change SAT0 to SATA]: pattern 53415430, patched at: [ (280) (12) (12) (12) (6823) (31) (156) (1B) (21) (21) (21) (14E) (29) (2E) (2E) (2E) (E5) (185) (1E) (1E) (1E) (43DB) (23) (2E) (12) ]
2:163  0:000   - [change GFX0 to IGPU]: pattern 47465830, patched at: [ (94) (E) (12) (12) (16) (16) (16) (16) (16) (12) (12) (12) (12) (2E19) (17) (1025) (5B3) (D) (10) (11) (63) (D) (10) (11) (84D) (F) (8) (11EA) (9D5) (30) (14B) (384) (137D) (14) (28C) ]
2:163  0:000   - [change EHC1 to EH01]: pattern 45484331, patched at: [ (570D) (2D) (2D) (2723) (F) (10) (F0A) ]
2:163  0:000   - [change EHC2 to EH02]: pattern 45484332, patched at: [ (57A0) (272D) (F) (10) (121C) ]
2:163  0:000   - [change HECI to IMEI]: pattern 48454349, bin not found / already patched!
2:163  0:000   - [change _OSI to XOSI]: pattern 5F4F5349, patched at: [ (6673) (3) (11) (18) (1C) (1C) (1A) (18) (18) (18) ]
2:163  0:000   - [rename method _Q60]: pattern 5F513630, patched at: [ (44D1) ]
2:164  0:000    0 replacements
2:164  0:000  found PIC had IRQNoFlag will move -3 bytes
2:164  0:000  Start HPET Fix
2:165  0:000  Start Add IMEI
2:165  0:000  PreCleanup XSDT: count=18, length=180
2:165  0:000  PreCleanup XSDT, corrected XSDT: count=18, length=180
2:165  0:000  === [ ACPIDropTables ] ====================================
2:165  0:000  Patching SSDT PARADISE Length=2014
2:165  0:000  0. [change SAT0 to SATA]: pattern 53415430, bin not found / already patched!
2:165  0:000  1. [change GFX0 to IGPU]: pattern 47465830, bin not found / already patched!
2:165  0:000  2. [change EHC1 to EH01]: pattern 45484331, bin not found / already patched!
2:165  0:000  3. [change EHC2 to EH02]: pattern 45484332, bin not found / already patched!
2:165  0:000  4. [change HECI to IMEI]: pattern 48454349, bin not found / already patched!
2:165  0:000  5. [change _OSI to XOSI]: pattern 5F4F5349, bin not found / already patched!
2:165  0:000  6. [rename method _Q60]: pattern 5F513630, bin not found / already patched!
2:165  0:000    0 replacements
2:165  0:000  Patching SSDT PARADISE Length=1337
2:165  0:000  0. [change SAT0 to SATA]: pattern 53415430, bin not found / already patched!
2:165  0:000  1. [change GFX0 to IGPU]: pattern 47465830, bin not found / already patched!
2:165  0:000  2. [change EHC1 to EH01]: pattern 45484331, bin not found / already patched!
2:165  0:000  3. [change EHC2 to EH02]: pattern 45484332, bin not found / already patched!
2:165  0:000  4. [change HECI to IMEI]: pattern 48454349, bin not found / already patched!
2:165  0:000  5. [change _OSI to XOSI]: pattern 5F4F5349, bin not found / already patched!
2:165  0:000  6. [rename method _Q60]: pattern 5F513630, bin not found / already patched!
2:165  0:000    0 replacements
2:165  0:000  Patching SSDT PARADISE Length=2776
2:165  0:000  0. [change SAT0 to SATA]: pattern 53415430, bin not found / already patched!
2:165  0:000  1. [change GFX0 to IGPU]: pattern 47465830, bin not found / already patched!
2:165  0:000  2. [change EHC1 to EH01]: pattern 45484331, bin not found / already patched!
2:165  0:000  3. [change EHC2 to EH02]: pattern 45484332, bin not found / already patched!
2:165  0:000  4. [change HECI to IMEI]: pattern 48454349, bin not found / already patched!
2:165  0:000  5. [change _OSI to XOSI]: pattern 5F4F5349, bin not found / already patched!
2:165  0:000  6. [rename method _Q60]: pattern 5F513630, bin not found / already patched!
2:165  0:000    0 replacements
2:165  0:000  Found OperationRegion(PPMT, SystemMemory, 9CFADE98, ...)
2:165  0:000  Patching SSDT PARADISE Length=14997
2:165  0:000  0. [change SAT0 to SATA]: pattern 53415430, bin not found / already patched!
2:166  0:000  1. [change GFX0 to IGPU]: pattern 47465830, patched at: [ (D8B) (17) (17) (1A) (1A9F) (329) (C11) (1D) ]
2:166  0:000  2. [change EHC1 to EH01]: pattern 45484331, bin not found / already patched!
2:166  0:000  3. [change EHC2 to EH02]: pattern 45484332, bin not found / already patched!
2:166  0:000  4. [change HECI to IMEI]: pattern 48454349, bin not found / already patched!
2:166  0:000  5. [change _OSI to XOSI]: pattern 5F4F5349, bin not found / already patched!
2:166  0:000  6. [rename method _Q60]: pattern 5F513630, bin not found / already patched!
2:166  0:000    0 replacements
2:166  0:000  Found OperationRegion(SANV, SystemMemory, 9CFA8D98, ...)
2:166  0:000  Found OperationRegion(CCDC, SystemMemory, 80000000, ...)
2:166  0:000  Found OperationRegion(EDID, SystemMemory, F0040, ...)
2:166  0:000  Patching SSDT PARADISE Length=17332
2:166  0:000  0. [change SAT0 to SATA]: pattern 53415430, bin not found / already patched!
2:166  0:000  1. [change GFX0 to IGPU]: pattern 47465830, patched at: [ (2AB) (3E) (50) (10F8) (22) (2A) (1B) (1B) (22) (1B) (1B) (24) (22) (2A) (22) (2A) (22) (2A) (22) (2A) (22) (2A) (22) (2FA) (FFF) (13) (28) (27) (13) (28) (27) (13) (28) (27) (13) (28) (27) (13) (28) (27) (13) (28) (27) (13) (28) (27) (13) (28) (27) (13) (28) (27) (13) (28) (27) (13) (28) (27) (13) (28) (27) (13) (28) (27) (13) (28) (27) (13) (28) (27) (13) (28) ]
2:166  0:000  2. [change EHC1 to EH01]: pattern 45484331, bin not found / already patched!
2:166  0:000  3. [change EHC2 to EH02]: pattern 45484332, bin not found / already patched!
2:166  0:000  4. [change HECI to IMEI]: pattern 48454349, bin not found / already patched!
2:166  0:000  5. [change _OSI to XOSI]: pattern 5F4F5349, bin not found / already patched!
2:166  0:000  6. [rename method _Q60]: pattern 5F513630, bin not found / already patched!
2:166  0:000    0 replacements
2:166  0:000  Found OperationRegion(VBOR, SystemMemory, 9CF8B018, ...)
2:166  0:000  Found OperationRegion(SGOP, SystemMemory, 9CFADE18, ...)
2:166  0:000  Found OperationRegion(NOPR, SystemMemory, 9CF89018, ...)
2:166  0:000  Found OperationRegion(RPCI, SystemMemory, E0008000, ...)
2:166  0:000  === [ ACPIPatchedAML ] ====================================
2:166  0:000  Unsorted
2:166  0:000  Inserting SSDT-Disable-DGPU.aml from EFI\CLOVER\ACPI\patched: size=1411 ... Success
2:166  0:000  Inserting SSDT-FN.aml from EFI\CLOVER\ACPI\patched: size=301 ... Success
2:166  0:000  Inserting SSDT-UIAC-ALL.aml from EFI\CLOVER\ACPI\patched: size=7540 ... Success
2:166  0:000  Inserting SSDT-XOSI.aml from EFI\CLOVER\ACPI\patched: size=206 ... Success
2:166  0:000  Inserting SSDT-XCPM.aml from EFI\CLOVER\ACPI\patched: size=80 ... Success
2:166  0:000  CPUBase=0 and ApicCPUBase=1 ApicCPUNum=8
2:166  0:000  Maximum control=0x19
2:166  0:000  Turbo control=0x23
2:166  0:000  P-States: min 0x8, max 0x23
2:166  0:000  SSDT with CPU P-States and plugin-type generated successfully
2:166  0:000  SSDT with CPU C-States generated successfully
2:166  0:000  Cleanup XSDT: count=25, length=236
2:166  0:000  corrected XSDT count=25, length=236
2:166  0:000  === [ RestSetup macOS ] ===================================
2:166  0:000  --- Custom EDID Table size:128
2:166  0:000  000  |  00  FF  FF  FF  FF  FF  FF  00  06  AF
2:166  0:000  010  |  3D  13  00  00  00  00  22  17  01  04
2:166  0:000  020  |  95  1F  11  78  02  87  E5  A4  56  50
2:166  0:000  030  |  9E  26  0D  50  54  00  00  00  01  01
2:166  0:000  040  |  01  01  01  01  01  01  01  01  01  01
2:166  0:000  050  |  01  01  01  01  14  37  80  B8  70  38
2:166  0:000  060  |  24  40  10  10  3E  00  35  AD  10  00
2:166  0:000  070  |  00  18  00  00  00  0F  00  00  00  00
2:166  0:000  080  |  00  00  00  00  00  00  00  00  00  20
2:166  0:000  090  |  00  00  00  FE  00  41  55  4F  0A  20
2:166  0:000  100  |  20  20  20  20  20  20  20  20  00  00
2:166  0:000  110  |  00  FE  00  42  31  34  30  48  41  4E
2:166  0:000  120  |  30  31  2E  33  20  0A  00  7E
2:166  0:000  add device: PciRoot(0x0)/Pci(0x2,0x0)
2:166  0:000     Add key=framebuffer-unifiedmem valuelen=4
2:166  0:000     Add key=framebuffer-stolenmem valuelen=4
2:166  0:000     Add key=framebuffer-portcount valuelen=4
2:166  0:000     Add key=framebuffer-patch-enable valuelen=4
2:166  0:000     Add key=framebuffer-fbmem valuelen=4
2:166  0:000     Add key=framebuffer-cursormem valuelen=4
2:166  0:000     Add key=framebuffer-con2-index valuelen=4
2:166  0:000     Add key=framebuffer-con2-enable valuelen=4
2:166  0:000     Add key=framebuffer-con1-type valuelen=4
2:166  0:000     Add key=framebuffer-con1-enable valuelen=4
2:166  0:000     Add key=enable-hdmi20 valuelen=4
2:166  0:000     Add key=disable-external-gpu valuelen=4
2:166  0:000     Add key=device-id valuelen=4
2:166  0:000     Add key=AAPL,ig-platform-id valuelen=4
2:166  0:000  Intel GFX injection not set
2:166  0:000   setting specified layout-id=3 (0x3)
2:166  0:000   setting specified layout-id=3 (0x3)
2:166  0:000  stringlength = 4074
2:167  0:000  CurrentMode: Width=1920 Height=1080
2:167  0:000  Beginning FSInjection
FSInjectionInstall ...
- Our FSI_SIMPLE_FILE_SYSTEM_PROTOCOL installed on handle: 81C68818
FSInjectionInstall ...
- Our FSI_SIMPLE_FILE_SYSTEM_PROTOCOL installed on handle: 81C68818
2:168  0:001  Use origin smbios table type 1 guid.
2:169  0:000  Preparing kexts injection for arch=x86_64 from EFI\CLOVER\kexts\Other
2:169  0:000  Extra kext: EFI\CLOVER\kexts\Other\AHCI_Intel_Generic_SATA.kext (v.0.5)
2:171  0:001  Extra kext: EFI\CLOVER\kexts\Other\SATA-200-series-unsupported.kext (v.0.5.1)
2:171  0:000  Extra kext: EFI\CLOVER\kexts\Other\HoRNDIS.kext (v.6)
2:173  0:001  Extra kext: EFI\CLOVER\kexts\Other\FakePCIID_AR9280_as_AR946x.kext (v.1.3.15)
2:175  0:001  Extra kext: EFI\CLOVER\kexts\Other\BrcmPatchRAM3.kext (v.2.5.1)
2:189  0:014  Extra kext: EFI\CLOVER\kexts\Other\FakePCIID.kext (v.1.3.15)
2:191  0:002  Extra kext: EFI\CLOVER\kexts\Other\VirtualSMC.kext (v.1.0.3)
2:193  0:002  Extra kext: EFI\CLOVER\kexts\Other\ApplePS2SmartTouchPad.kext (v.4.6.8)
2:197  0:003    |-- PlugIn kext: EFI\CLOVER\kexts\Other\ApplePS2SmartTouchPad.kext\Contents\PlugIns\ApplePS2Controller.kext (v.4.6.8)
2:199  0:002    |-- PlugIn kext: EFI\CLOVER\kexts\Other\ApplePS2SmartTouchPad.kext\Contents\PlugIns\ApplePS2Keyboard.kext (v.4.6.8)
2:203  0:003  Extra kext: EFI\CLOVER\kexts\Other\BrcmBluetoothInjector.kext (v.2.5.1)
2:215  0:011  Extra kext: EFI\CLOVER\kexts\Other\AHCI_3rdParty_eSATA.kext (v.0.5)
2:222  0:007  Extra kext: EFI\CLOVER\kexts\Other\AppleIGB.kext (v.5.3.5)
2:224  0:002  Extra kext: EFI\CLOVER\kexts\Other\USBInjectAll.kext (v.0.7.1)
2:276  0:051  Extra kext: EFI\CLOVER\kexts\Other\AppleIntelE1000e.kext (v.3.3.6)
2:278  0:002  Extra kext: EFI\CLOVER\kexts\Other\SATA-RAID-unsupported.kext (v.0.9.2)
2:280  0:001  Extra kext: EFI\CLOVER\kexts\Other\RealtekRTL8111.kext (v.2.2.2)
2:283  0:002  Extra kext: EFI\CLOVER\kexts\Other\WhateverGreen.kext (v.1.3.0)
2:290  0:006  Extra kext: EFI\CLOVER\kexts\Other\IntelMausiEthernet.kext (v.2.5.0d0)
2:292  0:001  Extra kext: EFI\CLOVER\kexts\Other\Display-6af-35ed.kext (v.9.9.9)
2:292  0:000  Extra kext: EFI\CLOVER\kexts\Other\SATA-100-series-unsupported.kext (v.0.5.1)
2:293  0:000  Extra kext: EFI\CLOVER\kexts\Other\AtherosE2200Ethernet.kext (v.2.2.2)
2:295  0:002  Extra kext: EFI\CLOVER\kexts\Other\AppleALC.kext (v.1.3.6)
2:387  0:091  Extra kext: EFI\CLOVER\kexts\Other\AirportBrcmFixup.kext (v.2.0.3)
2:390  0:003  Extra kext: EFI\CLOVER\kexts\Other\BrcmFirmwareData.kext (v.2.5.1)
2:397  0:007  Extra kext: EFI\CLOVER\kexts\Other\Lilu.kext (v.1.3.8)
2:399  0:001  Extra kext: EFI\CLOVER\kexts\Other\AHCI_3rdParty_SATA.kext (v.0.5)
2:407  0:007  Extra kext: EFI\CLOVER\kexts\Other\ACPIBatteryManager.kext (v.1.90.1)
2:410  0:002  Extra kext: EFI\CLOVER\kexts\Other\FakePCIID_Intel_HD_Graphics.kext (v.1.3.15)
2:422  0:012  SetStartupDiskVolume:
2:422  0:000    * Volume: 'Macintosh HD'
2:422  0:000    * LoaderPath: '<null string>'
2:422  0:000    * DevPath: Macintosh HD
2:422  0:000    * GUID = 58A8CBC0-3126-4D16-9AC6-B1EF1C1D3E0F
2:435  0:012    * efi-boot-device: <array><dict><key>IOMatch</key><dict><key>IOProviderClass</key><string>IOMedia</string><key>IOPropertyMatch</key><dict><key>UUID</key><string>58A8CBC0-3126-4D16-9AC6-B1EF1C1D3E0F</string></dict></dict></dict></array>
2:435  0:000  Custom boot screen not used because entry has unset use graphics
2:435  0:000  Closing log
